************************************************** test 1 **************************************************
1
************************************************** test 2 **************************************************
0
************************************************** test 3 **************************************************
0
************************************************** test 4 **************************************************
0
************************************************** test 5 **************************************************
0
************************************************** test 6 **************************************************
0
************************************************** test 7 **************************************************
0
************************************************** test 8 **************************************************
0
************************************************** test 9 **************************************************
0
************************************************** test 10 **************************************************
1
************************************************** test 11 **************************************************
0
************************************************** test 12 **************************************************
0
************************************************** test 13 **************************************************
0
************************************************** test 14 **************************************************
0
************************************************** test 15 **************************************************
0
************************************************** test 16 **************************************************
1
************************************************** test 17 **************************************************
0
************************************************** test 18 **************************************************
0
************************************************** test 19 **************************************************
0
************************************************** test 20 **************************************************
0
************************************************** test 21 **************************************************
0
************************************************** test 22 **************************************************
0
************************************************** test 23 **************************************************
0
************************************************** test 24 **************************************************
0
************************************************** test 25 **************************************************
1
************************************************** test 26 **************************************************
0
************************************************** test 27 **************************************************
0
************************************************** test 28 **************************************************
0
************************************************** test 29 **************************************************
0
************************************************** test 30 **************************************************
0
************************************************** test 31 **************************************************
1
************************************************** test 32 **************************************************
0
************************************************** test 33 **************************************************
0
************************************************** test 34 **************************************************
no location in server 0
0
************************************************** test 35 **************************************************
server 0 root missing
0
************************************************** test 36 **************************************************
server 1 listen/port missing
0
************************************************** test 37 **************************************************
0
************************************************** test 38 **************************************************
1
************************************************** test 39 **************************************************
1
************************************************** test 40 **************************************************
1
************************************************** test 41 **************************************************
0
************************************************** test 42 **************************************************
1
************************************************** test 43 **************************************************
1
************************************************** test 44 **************************************************
0
************************************************** test 45 **************************************************
1
************************************************** test 46 **************************************************
1
************************************************** test 47 **************************************************
0
************************************************** test 48 **************************************************
1
************************************************** test 49 **************************************************
server 0 invalid port
0
************************************************** test 50 **************************************************
1
************************************************** test 51 **************************************************
1
************************************************** test 52 **************************************************
server 0 invalid port
0
************************************************** test 53 **************************************************
server 0 invalid client_max_body_size - negative number
0
************************************************** test 54 **************************************************
1
************************************************** test 55 **************************************************
1
************************************************** test 56 **************************************************
1
************************************************** test 57 **************************************************
0
************************************************** test 58 **************************************************
0
************************************************** test 59 **************************************************
0
************************************************** test 60 **************************************************
0
************************************************** test 61 **************************************************
0
************************************************** test 62 **************************************************
0
************************************************** test 63 **************************************************
1
************************************************** test 64 **************************************************
1
************************************************** test 65 **************************************************
0
************************************************** test 66 **************************************************
1
************************************************** test 67 **************************************************
0
************************************************** test 68 **************************************************
0
************************************************** test 69 **************************************************
0
************************************************** test 70 **************************************************
1
************************************************** test 71 **************************************************
0
************************************************** test 72 **************************************************
server 0 invalid port
0
************************************************** test 73 **************************************************
1
